

boosted trees
Total number of adf samples: 365
r2 score:  0.511694213613
Total number of ndf samples: 365
r2 score:  0.436170688131
Total number of nfc samples: 365
r2 score:  0.481024657036
Total number of lignin samples: 363
r2 score:  0.47906349235
Total number of c6 samples: 363
r2 score:  0.520752902546
Total number of c5 samples: 365
r2 score:  0.113545251728


random forests
Total number of adf samples: 365
r2 score:  0.497084550954
Total number of ndf samples: 365
r2 score:  0.369164636837
Total number of nfc samples: 365
r2 score:  0.416799632613
Total number of lignin samples: 363
r2 score:  0.448191517884
Total number of c6 samples: 363
r2 score:  0.512512849149
Total number of c5 samples: 365
r2 score:  -0.0842892173503
