

random forests
Total number of adf samples: 363
r2 score:  0.605754632599
Total number of ndf samples: 363
r2 score:  0.605353540557
Total number of nfc samples: 363
r2 score:  0.584901883249
Total number of lignin samples: 361
r2 score:  0.57156718604
Total number of c6 samples: 361
r2 score:  0.590714588734
Total number of c5 samples: 363
r2 score:  0.522694542706


boosted trees
Total number of adf samples: 363
r2 score:  0.632742238046
Total number of ndf samples: 363
r2 score:  0.639236914088
Total number of nfc samples: 363
r2 score:  0.575669039168
Total number of lignin samples: 361
r2 score:  0.607592262015
Total number of c6 samples: 361
r2 score:  0.644213669249
Total number of c5 samples: 363
r2 score:  0.524322475743
