output_label,num_samples,random_forest,PLSRegression,AdaBoostRegressor,BaggingRegressor,ExtraTreesRegressor,GradientBoostingRegressor,RandomForestRegressor,GaussianProcessRegressor,KernelRidge,HuberRegressor,LinearRegression,PassiveAggressiveRegressor,RANSACRegressor,SGDRegressor,KNeighborsRegressor,MLPRegressor,SVR,LinearSVR,NuSVR,DecisionTreeRegressor,ExtraTreeRegressor
ADF,698,0.33142427128,-21.7273888545,0.21631294444,0.228833744686,0.234781536447,0.313441541975,0.256127978023,-67.4591209718,0.2336725681,-0.00447225434043,0.25871536599,-1.39569200489,-0.185957836287,-1.53091925815e+43,0.0354927057108,-107960594.468,0.0330624209906,-0.775117004639,0.031838234172,-0.264315483532,-0.285484965618
AD_ICP,698,0.259636834217,-15.764041841,0.12857201196,0.171516986757,0.174467357249,0.235414319608,0.176215149827,-41.6110676468,0.238850560954,-3.53649933078,0.253390874692,-0.366167595918,0.0247624856826,-8.46032228748e+45,0.038725061563,-434389033488.0,0.00853951687927,-41.6116943917,-0.046404805433,-0.405684493109,-0.474432360562
Adj_CP,698,0.579171763344,-9.29226398077,0.521851578771,0.521257744175,0.516610519286,0.58371903838,0.517773824773,-9.7882257699,0.502291500283,-0.00303986420202,0.558513504767,-0.58270651071,-468863914538.0,-3.20688615423e+43,0.245887291168,-110416015.996,0.118297495792,-3.04628343929,0.0998991101404,0.0821448944949,0.130028696296
Ash,698,0.0635487505358,-20.0368390033,-0.0631780964996,-0.112384769466,-0.112249097833,-0.0158255309813,-0.109760310669,-8.43665119467,-0.053108782361,-0.00360247026342,0.0144390700879,-0.177565416394,-0.215606982328,-5.42028696344e+43,-0.10556973227,-6456222762.43,-0.0410493916734,-8.43677770576,-0.0373982043664,-0.974287046069,-1.06873080996
Cellulose,698,0.346754131415,-19.0733025886,0.244992520877,0.231599342084,0.225130160304,0.314114626948,0.248537687319,-50.295693668,0.265747529683,-0.00423246013589,0.28465123343,-1.32519532203,-0.0182811699725,-1.53868403784e+43,0.0456768124551,-38815401.2323,0.0346361267051,-0.730602123659,0.0280861852879,-0.310699827165,-0.208177987937
Crude_protein,698,0.554951655043,-11.0516196421,0.511683422098,0.483882333868,0.486816676211,0.534133912665,0.49437715777,-8.57626907364,0.460807229088,-0.00954744989708,0.50482800451,-1.0843616612,0.413457446929,-4.00050479936e+43,0.23339104719,-482952462.759,0.119323930156,-7.77541327897,0.106994680752,0.113552350134,0.0795921453946
DCAD,698,0.078033545865,-12.3928418409,-0.117032474595,-0.0876464500008,-0.178846400608,-0.00255500160699,-0.101641976552,-4.37263009046,0.00930850812548,-0.0408902669355,0.0379128872324,-0.693970119519,-0.284876869229,-3.48148186961e+42,-0.118017757619,-14098367.7095,-0.0331534250899,-0.680473541353,-0.00450955244319,-0.786346627054,-0.958928381711
Dry_Matter,698,0.125373433004,-26.6883372825,0.0344967328911,-0.0273764942313,-0.0454339716065,0.089664330829,-0.0291924495794,-15254.8969731,0.0757526749605,-0.00660983047553,0.107917579445,-0.772434350104,-0.216566929925,-5.68579444848e+44,-0.0508212824448,-3285953652.13,-0.0660282261541,-0.426238928145,-0.0669795130211,-0.755488136291,-0.763411785942
EE_Fat,698,0.417967504018,-9.60181021793,0.361609134562,0.351335350554,0.338514538858,0.41436075264,0.352700146102,-103.552117832,0.393964364221,-0.0272422388244,0.390829191137,-0.143918210941,0.210129438054,-8.95379408932e+45,0.110161270178,-709076893845.0,0.0378229324591,-103.553464581,0.0227354486034,-0.137335156689,-0.159943421549
Hemicellulose,698,0.225962730955,-18.0520038005,0.160955084505,0.124019270564,0.0266903345795,0.189064870443,0.125464565599,-272.306616203,0.165476165534,-0.00904827053165,0.15569454856,-0.640193424094,-0.0245787720657,-1.13695793098e+44,-0.0584150426199,-1653313092.07,0.0225057695612,-1.84482349859,0.0364834715561,-0.505317658572,-0.425295071844
Lignin,698,0.289724289486,-21.0886356896,0.210409190423,0.218383195234,0.168706554636,0.241212373518,0.198067465822,-20.4070092411,0.183038208073,-0.00721720569012,0.249106256064,-0.499373078268,-0.0227027196791,-2.40678684211e+44,0.0289404558554,-2605002449.45,0.0451014654343,-20.4072818234,0.0542016370813,-0.59512735154,-0.361175877614
NEG_OARDC,698,0.306999898217,-24.7623618571,0.227821689535,0.256107447666,0.263501653599,0.278115559298,0.252767536066,-68.1221904379,0.146354939075,-0.00407720197822,0.246747146349,-0.708157698706,-0.0122644901831,-1.97463671543e+43,0.0514084784934,-86194309.9697,0.0533749657312,-1.4878832481,0.0502618600362,-0.357051566183,-0.398797563144
NEL3x_ADF,698,0.128396649822,-10.6128818983,-0.0212459572465,0.0215223442802,-0.0292512984249,0.0688160667851,0.0178390442118,-145.730492099,0.0571472112037,-0.0480031159741,0.0612584118915,-0.690248357688,-0.266054547025,-8.83942294109e+42,-0.079330892644,-95802621.3567,-0.0338502160812,-0.585451097079,0.00242786556338,-0.990850530408,-0.743343491391
NEL3x_OARDC,698,0.301278316164,-33.2086111992,0.151829668634,0.228183992011,0.261462923116,0.283838780604,0.238917939145,-423.302243838,0.124594532349,-0.00115198754241,0.231364177633,-0.187033887115,-0.0401855026464,-3.59335027231e+43,0.00259070342562,-228828234.333,0.0529611773143,-1.30581393002,0.0496425448727,-0.353100967348,-0.20004861738
NEM_OARDC,698,0.305583262633,-25.4990133583,0.217486429477,0.238338556315,0.272990731049,0.29962709947,0.228667289661,-158.942665185,0.119232165425,-0.00440790833702,0.234379728159,-0.559976234624,-0.103998867975,-1.50693630606e+43,0.0209556632394,-134090378.078,0.0432985605016,-0.742438641978,0.044513039589,-0.141634049486,-0.265115626361
NFC,698,0.454849914676,-14.6191412587,0.397764787407,0.409075200668,0.36645818455,0.446339688758,0.406899260029,-15.1995240309,0.400032367942,-0.0369893394878,0.405316388986,-1.04907001174,0.271668914842,-7.5123355076e+42,0.0996719894693,-109080990.152,0.00663598304667,-0.559115180499,0.0266603630063,-0.091255478694,0.00937261008977
SPCP,698,0.452564637546,-14.8720676037,0.404977170544,0.39528013522,0.33231250576,0.441845730403,0.395377365818,-2.58580501068,0.358430653212,-0.00726679791718,0.395261869245,-1.13441273358,0.189603885857,-2.38221297666e+41,0.212889646961,-3992600.36068,0.00634050107167,-1.9528299783,0.00733672233833,-0.068663781094,-0.204165804058
Starch,698,0.156374597343,-18.8086034454,0.0610080887775,0.053413783011,0.0294833330958,0.0842184164099,0.0492718137699,-3.12755097034,0.0658941975128,-0.00309273456807,0.0579770946013,-0.316274575291,-0.154675885078,-6.19568045349e+44,-0.113826495987,-23802282585.2,-0.0632697451015,-3.12764681856,-0.106254342107,-0.57589495721,-0.509177602494
TDN_OARDC,698,0.193536388751,-18.815386964,0.0863115165451,0.0765658126505,0.0617534732367,0.113668153152,0.0788380804444,-225.489371833,0.0957173177402,-0.00657211099789,0.154200424652,-0.368494380092,-0.143213277866,-1.63730439193e+43,-0.0582165922152,-112024514.658,0.0280059327366,-1.11228173865,0.0253973324925,-0.77537337368,-0.456163903205
WSC_Sugar,698,0.495100561298,-15.1965827286,0.441382454504,0.44305493877,0.516347649771,0.506164756174,0.44996808536,-7.76320719334,0.441047515878,-0.0299357793629,0.449848835919,-1.01200843093,0.216500563035,-9.03300341477e+42,0.140441189351,-100888865.282,-0.00421260786666,-0.913449098093,0.0166985205609,0.0574828547896,0.186154953988
aNDFom,698,0.36935714309,-22.8620763174,0.27230713249,0.337070798295,0.257201949796,0.358758728521,0.341911820684,-133.548619036,0.253536953026,-0.0105313116092,0.281098186735,-1.03050615407,0.0164668330632,-1.06907429203e+43,0.0320961362006,-69162002.5046,0.0231851610972,-0.55805411616,0.0246799035111,-0.26488524831,-0.237679729061


input_label,mean_importance,std_importance
2016_07_13-14_Leaf_Necrosis,0.0469230986882,0.036974975037
2016_07_13-14_vegetation_index,0.0399084386404,0.0343355242541
2016_07_13_BAP_Leaf_Area,0.0470256742816,0.0388930076506
2016_07_13_laser_plant_height,0.0793373753591,0.0590104210989
2016_07_light_interception,0.0404170245359,0.0355531946297
2016_08_05-08_vegetation_index,0.0451949066326,0.0375114369887
2016_08_light_interception,0.037790747027,0.0329130762913
2016_09_light_interception,0.0748299638273,0.056291468025
accession_origin,0.106135415266,0.052548509052
accession_photoperiod,0.138493151888,0.123725853556
accession_race,0.0622972448825,0.0441202101307
accession_type,0.158336242624,0.122740351492
gps_eastings_UTMzone17N,0.0604357341099,0.0455143549797
gps_northings_UTMzone17N,0.0628749822373,0.0492719311385
