output_label,num_samples,random_forest
multi.all,698,[ 0.32622807  0.23879435  0.55810775  0.3528682   0.05180994  0.5512262
  0.09091883  0.12716045  0.39888061  0.26440945  0.29736238  0.12169292
  0.281181    0.29707393  0.44614761  0.4777506   0.15604396  0.16188521
  0.47792201  0.34423101  0.21782226]


input_label,mean_importance,std_importance
2016_07_13-14_Leaf_Necrosis,0.0424209482926,0.0302766464264
2016_07_13-14_vegetation_index,0.0252908414926,0.0188205980706
2016_07_13_BAP_Leaf_Area,0.0367203958155,0.0255472602817
2016_07_13_laser_plant_height,0.0586101496349,0.0422777889789
2016_07_light_interception,0.0243821292542,0.0193543207237
2016_08_05-08_vegetation_index,0.0301316924682,0.0203963226398
2016_08_light_interception,0.027091561095,0.0200269480083
2016_09_light_interception,0.0460250117461,0.0283357951024
accession_origin,0.0944598473839,0.0468120399845
accession_photoperiod,0.287376956115,0.14483990955
accession_race,0.0749110167402,0.0600012797461
accession_type,0.159325134724,0.10964271937
gps_eastings_UTMzone17N,0.0526621050571,0.0387442627635
gps_northings_UTMzone17N,0.0405922101806,0.0252902581733
