output_label,num_samples,random_forest_0,random_forest_1,random_forest_2,random_forest_3,random_forest_4,random_forest_5,random_forest_6,random_forest_7,random_forest_8,random_forest_9
ADF,698,0.327324840767,0.330478523623,0.342159532231,0.328400047165,0.333898423925,0.331438017498,0.342607150156,0.336070224306,0.321098451644,0.341980080488
AD_ICP,698,0.222877649122,0.206547983048,0.22111648887,0.23234913786,0.21746833855,0.215232976787,0.229436767061,0.225687035105,0.212954753053,0.21493635607
Adj_CP,698,0.543118559452,0.536039806725,0.537114927307,0.542933088161,0.540015733888,0.534837505719,0.546268745144,0.535524688867,0.535653856066,0.542163686146
Ash,698,0.0648714934383,0.0591338761006,0.0643509440049,0.0596066835649,0.0606027765888,0.0582374768713,0.0491443078846,0.0659767108659,0.0591314707008,0.060692087466
Cellulose,698,0.342402756674,0.347157262973,0.35857965411,0.345012298352,0.35542318488,0.342876701532,0.357515498607,0.342831584261,0.3341465543,0.347049189411
Crude_protein,698,0.528396087632,0.521452638195,0.52657405608,0.531496322877,0.528033251328,0.527685936803,0.533121135849,0.530505935506,0.525197386452,0.525893515719
DCAD,698,0.0755271925393,0.0667749845478,0.0784545912812,0.0790631699432,0.07299961228,0.0656115122508,0.0857988348931,0.0653285052784,0.0724625394887,0.0809725331742
Dry_Matter,698,0.101618682008,0.0994023094807,0.0834908734511,0.0987514948121,0.100517404092,0.0975755020559,0.0906912402401,0.0995172285828,0.0932068095368,0.102275064562
EE_Fat,698,0.39422286579,0.401660297684,0.392729529617,0.393741499512,0.393181360347,0.390581417416,0.404535583405,0.399381691164,0.395699732321,0.403850999314
Hemicellulose,698,0.215102085196,0.222087409678,0.228831617073,0.233255404248,0.227844772278,0.206734593785,0.225391765067,0.214160451178,0.216041671255,0.216324517498
Lignin,698,0.271923450477,0.254850879109,0.261105069537,0.263051644353,0.26566989729,0.258924247205,0.259650904153,0.275384942243,0.2601797164,0.264564201504
NEG_OARDC,698,0.298260646903,0.275825219318,0.281391557536,0.284198978273,0.277436437843,0.279031342023,0.286443822029,0.286136988476,0.278840583976,0.28847158111
NEL3x_ADF,698,0.0904918218432,0.100828537584,0.0946665867294,0.103341702193,0.104321083222,0.0962573372935,0.111165181631,0.113893242738,0.107282352392,0.108293713475
NEL3x_OARDC,698,0.287235131813,0.274172371948,0.284384014237,0.28511971198,0.285263567877,0.277380771256,0.286416279391,0.287069469821,0.278382496592,0.28252349829
NEM_OARDC,698,0.295422164449,0.282080074811,0.276291021516,0.287850356544,0.283291027785,0.274617215118,0.280891379164,0.281174925705,0.276306403263,0.286177310447
NFC,698,0.450767100103,0.456864213612,0.453882381845,0.451801748696,0.448330466477,0.453629939935,0.459494279741,0.452127683819,0.441938734544,0.455315383537
SPCP,698,0.446036171312,0.443413469069,0.448632401446,0.446524906432,0.445412517558,0.443365360425,0.453783863454,0.4534602026,0.443962204667,0.447053177771
Starch,698,0.144920846169,0.141595840717,0.139262116538,0.134710760717,0.152174033271,0.131224752215,0.144021298786,0.144129121449,0.143908517914,0.142644764512
TDN_OARDC,698,0.170005376767,0.174535642737,0.167321561802,0.176223590703,0.168171923315,0.169582080143,0.179568656961,0.184572520869,0.170260649423,0.171922595848
WSC_Sugar,698,0.491674435006,0.489520674246,0.490589239377,0.494654950957,0.49644692964,0.491807446607,0.499995658616,0.490273991291,0.488657293129,0.49377161499
aNDFom,698,0.373957238017,0.367413630796,0.376406180228,0.36145188095,0.367689613689,0.362982653694,0.366273117192,0.371573847932,0.355529983823,0.377099527826


input_label,mean_importance,std_importance
accession_origin,0.194601892869,0.0795672134923
accession_photoperiod,0.189830195533,0.153376952948
accession_race,0.106974666429,0.0625166286261
accession_type,0.250597234577,0.154140602441
gps_eastings_UTMzone17N,0.126421120257,0.0812322479197
gps_northings_UTMzone17N,0.131574890335,0.089343922616
